<?xml version="1.0" encoding="UTF-8" ?>
<testsuite errors="0" failures="1" hostname="Zmote-THINK" name="HelloWorldTest" skipped="0" tests="2" time="0.045" timestamp="2015-08-10T19:22:08">
  <properties>
[...]
</properties>
  <testcase classname="HelloWorldTest" name="testWillAlwaysFail" time="0.005">
    <failure message="An error message" type="junit.framework.AssertionFailedError">junit.framework.AssertionFailedError: An error message
	at HelloWorldTest.testWillAlwaysFail(Unknown Source)
</failure>
  </testcase>
  <testcase classname="HelloWorldTest" name="testNothing" time="0.002" />
  <system-out><![CDATA[]]></system-out>
  <system-err><![CDATA[]]></system-err>
</testsuite>
